2026-03-01 10:26:56.036 +01:00 [INF] Service initialization complete
2026-03-01 10:26:56.686 +01:00 [ERR] Failed executing DbCommand (4ms) [Parameters=[@p0='?' (DbType = DateTime), @p1='?' (Size = 1814), @p2='?' (DbType = Boolean)], CommandType='"Text"', CommandTimeout='30']
INSERT INTO "AppCrashes" ("DateTime", "Exception", "WasNotified")
VALUES (@p0, @p1, @p2)
RETURNING "Id";
2026-03-01 10:26:56.695 +01:00 [ERR] An exception occurred in the database while saving changes for context type 'TombLauncher.Data.Database.TombLauncherDbContext'.
Microsoft.EntityFrameworkCore.DbUpdateException: An error occurred while saving the entity changes. See the inner exception for details.
 ---> Microsoft.Data.Sqlite.SqliteException (0x80004005): SQLite Error 1: 'no such table: AppCrashes'.
   at Microsoft.Data.Sqlite.SqliteException.ThrowExceptionForRC(Int32 rc, sqlite3 db)
   at Microsoft.Data.Sqlite.SqliteCommand.PrepareAndEnumerateStatements()+MoveNext()
   at Microsoft.Data.Sqlite.SqliteCommand.GetStatements()+MoveNext()
   at Microsoft.Data.Sqlite.SqliteDataReader.NextResult()
   at Microsoft.Data.Sqlite.SqliteCommand.ExecuteReader(CommandBehavior behavior)
   at Microsoft.Data.Sqlite.SqliteCommand.ExecuteReaderAsync(CommandBehavior behavior, CancellationToken cancellationToken)
   at Microsoft.Data.Sqlite.SqliteCommand.ExecuteDbDataReaderAsync(CommandBehavior behavior, CancellationToken cancellationToken)
   at Microsoft.EntityFrameworkCore.Storage.RelationalCommand.ExecuteReaderAsync(RelationalCommandParameterObject parameterObject, CancellationToken cancellationToken)
   at Microsoft.EntityFrameworkCore.Storage.RelationalCommand.ExecuteReaderAsync(RelationalCommandParameterObject parameterObject, CancellationToken cancellationToken)
   at Microsoft.EntityFrameworkCore.Update.ReaderModificationCommandBatch.ExecuteAsync(IRelationalConnection connection, CancellationToken cancellationToken)
   --- End of inner exception stack trace ---
   at Microsoft.EntityFrameworkCore.Update.ReaderModificationCommandBatch.ExecuteAsync(IRelationalConnection connection, CancellationToken cancellationToken)
   at Microsoft.EntityFrameworkCore.Update.Internal.BatchExecutor.ExecuteAsync(IEnumerable`1 commandBatches, IRelationalConnection connection, CancellationToken cancellationToken)
   at Microsoft.EntityFrameworkCore.Update.Internal.BatchExecutor.ExecuteAsync(IEnumerable`1 commandBatches, IRelationalConnection connection, CancellationToken cancellationToken)
   at Microsoft.EntityFrameworkCore.Update.Internal.BatchExecutor.ExecuteAsync(IEnumerable`1 commandBatches, IRelationalConnection connection, CancellationToken cancellationToken)
   at Microsoft.EntityFrameworkCore.Storage.RelationalDatabase.SaveChangesAsync(IList`1 entries, CancellationToken cancellationToken)
   at Microsoft.EntityFrameworkCore.ChangeTracking.Internal.StateManager.SaveChangesAsync(IList`1 entriesToSave, CancellationToken cancellationToken)
   at Microsoft.EntityFrameworkCore.ChangeTracking.Internal.StateManager.SaveChangesAsync(StateManager stateManager, Boolean acceptAllChangesOnSuccess, CancellationToken cancellationToken)
   at Microsoft.EntityFrameworkCore.DbContext.SaveChangesAsync(Boolean acceptAllChangesOnSuccess, CancellationToken cancellationToken)
Microsoft.EntityFrameworkCore.DbUpdateException: An error occurred while saving the entity changes. See the inner exception for details.
 ---> Microsoft.Data.Sqlite.SqliteException (0x80004005): SQLite Error 1: 'no such table: AppCrashes'.
   at Microsoft.Data.Sqlite.SqliteException.ThrowExceptionForRC(Int32 rc, sqlite3 db)
   at Microsoft.Data.Sqlite.SqliteCommand.PrepareAndEnumerateStatements()+MoveNext()
   at Microsoft.Data.Sqlite.SqliteCommand.GetStatements()+MoveNext()
   at Microsoft.Data.Sqlite.SqliteDataReader.NextResult()
   at Microsoft.Data.Sqlite.SqliteCommand.ExecuteReader(CommandBehavior behavior)
   at Microsoft.Data.Sqlite.SqliteCommand.ExecuteReaderAsync(CommandBehavior behavior, CancellationToken cancellationToken)
   at Microsoft.Data.Sqlite.SqliteCommand.ExecuteDbDataReaderAsync(CommandBehavior behavior, CancellationToken cancellationToken)
   at Microsoft.EntityFrameworkCore.Storage.RelationalCommand.ExecuteReaderAsync(RelationalCommandParameterObject parameterObject, CancellationToken cancellationToken)
   at Microsoft.EntityFrameworkCore.Storage.RelationalCommand.ExecuteReaderAsync(RelationalCommandParameterObject parameterObject, CancellationToken cancellationToken)
   at Microsoft.EntityFrameworkCore.Update.ReaderModificationCommandBatch.ExecuteAsync(IRelationalConnection connection, CancellationToken cancellationToken)
   --- End of inner exception stack trace ---
   at Microsoft.EntityFrameworkCore.Update.ReaderModificationCommandBatch.ExecuteAsync(IRelationalConnection connection, CancellationToken cancellationToken)
   at Microsoft.EntityFrameworkCore.Update.Internal.BatchExecutor.ExecuteAsync(IEnumerable`1 commandBatches, IRelationalConnection connection, CancellationToken cancellationToken)
   at Microsoft.EntityFrameworkCore.Update.Internal.BatchExecutor.ExecuteAsync(IEnumerable`1 commandBatches, IRelationalConnection connection, CancellationToken cancellationToken)
   at Microsoft.EntityFrameworkCore.Update.Internal.BatchExecutor.ExecuteAsync(IEnumerable`1 commandBatches, IRelationalConnection connection, CancellationToken cancellationToken)
   at Microsoft.EntityFrameworkCore.Storage.RelationalDatabase.SaveChangesAsync(IList`1 entries, CancellationToken cancellationToken)
   at Microsoft.EntityFrameworkCore.ChangeTracking.Internal.StateManager.SaveChangesAsync(IList`1 entriesToSave, CancellationToken cancellationToken)
   at Microsoft.EntityFrameworkCore.ChangeTracking.Internal.StateManager.SaveChangesAsync(StateManager stateManager, Boolean acceptAllChangesOnSuccess, CancellationToken cancellationToken)
   at Microsoft.EntityFrameworkCore.DbContext.SaveChangesAsync(Boolean acceptAllChangesOnSuccess, CancellationToken cancellationToken)
2026-03-01 10:26:56.696 +01:00 [ERR] Application closing due to fatal exception
2026-03-01 10:27:48.633 +01:00 [INF] Service initialization complete
2026-03-01 10:27:49.318 +01:00 [ERR] Failed executing DbCommand (5ms) [Parameters=[@p0='?' (DbType = DateTime), @p1='?' (Size = 1814), @p2='?' (DbType = Boolean)], CommandType='"Text"', CommandTimeout='30']
INSERT INTO "AppCrashes" ("DateTime", "Exception", "WasNotified")
VALUES (@p0, @p1, @p2)
RETURNING "Id";
2026-03-01 10:27:49.329 +01:00 [ERR] An exception occurred in the database while saving changes for context type 'TombLauncher.Data.Database.TombLauncherDbContext'.
Microsoft.EntityFrameworkCore.DbUpdateException: An error occurred while saving the entity changes. See the inner exception for details.
 ---> Microsoft.Data.Sqlite.SqliteException (0x80004005): SQLite Error 1: 'no such table: AppCrashes'.
   at Microsoft.Data.Sqlite.SqliteException.ThrowExceptionForRC(Int32 rc, sqlite3 db)
   at Microsoft.Data.Sqlite.SqliteCommand.PrepareAndEnumerateStatements()+MoveNext()
   at Microsoft.Data.Sqlite.SqliteCommand.GetStatements()+MoveNext()
   at Microsoft.Data.Sqlite.SqliteDataReader.NextResult()
   at Microsoft.Data.Sqlite.SqliteCommand.ExecuteReader(CommandBehavior behavior)
   at Microsoft.Data.Sqlite.SqliteCommand.ExecuteReaderAsync(CommandBehavior behavior, CancellationToken cancellationToken)
   at Microsoft.Data.Sqlite.SqliteCommand.ExecuteDbDataReaderAsync(CommandBehavior behavior, CancellationToken cancellationToken)
   at Microsoft.EntityFrameworkCore.Storage.RelationalCommand.ExecuteReaderAsync(RelationalCommandParameterObject parameterObject, CancellationToken cancellationToken)
   at Microsoft.EntityFrameworkCore.Storage.RelationalCommand.ExecuteReaderAsync(RelationalCommandParameterObject parameterObject, CancellationToken cancellationToken)
   at Microsoft.EntityFrameworkCore.Update.ReaderModificationCommandBatch.ExecuteAsync(IRelationalConnection connection, CancellationToken cancellationToken)
   --- End of inner exception stack trace ---
   at Microsoft.EntityFrameworkCore.Update.ReaderModificationCommandBatch.ExecuteAsync(IRelationalConnection connection, CancellationToken cancellationToken)
   at Microsoft.EntityFrameworkCore.Update.Internal.BatchExecutor.ExecuteAsync(IEnumerable`1 commandBatches, IRelationalConnection connection, CancellationToken cancellationToken)
   at Microsoft.EntityFrameworkCore.Update.Internal.BatchExecutor.ExecuteAsync(IEnumerable`1 commandBatches, IRelationalConnection connection, CancellationToken cancellationToken)
   at Microsoft.EntityFrameworkCore.Update.Internal.BatchExecutor.ExecuteAsync(IEnumerable`1 commandBatches, IRelationalConnection connection, CancellationToken cancellationToken)
   at Microsoft.EntityFrameworkCore.Storage.RelationalDatabase.SaveChangesAsync(IList`1 entries, CancellationToken cancellationToken)
   at Microsoft.EntityFrameworkCore.ChangeTracking.Internal.StateManager.SaveChangesAsync(IList`1 entriesToSave, CancellationToken cancellationToken)
   at Microsoft.EntityFrameworkCore.ChangeTracking.Internal.StateManager.SaveChangesAsync(StateManager stateManager, Boolean acceptAllChangesOnSuccess, CancellationToken cancellationToken)
   at Microsoft.EntityFrameworkCore.DbContext.SaveChangesAsync(Boolean acceptAllChangesOnSuccess, CancellationToken cancellationToken)
Microsoft.EntityFrameworkCore.DbUpdateException: An error occurred while saving the entity changes. See the inner exception for details.
 ---> Microsoft.Data.Sqlite.SqliteException (0x80004005): SQLite Error 1: 'no such table: AppCrashes'.
   at Microsoft.Data.Sqlite.SqliteException.ThrowExceptionForRC(Int32 rc, sqlite3 db)
   at Microsoft.Data.Sqlite.SqliteCommand.PrepareAndEnumerateStatements()+MoveNext()
   at Microsoft.Data.Sqlite.SqliteCommand.GetStatements()+MoveNext()
   at Microsoft.Data.Sqlite.SqliteDataReader.NextResult()
   at Microsoft.Data.Sqlite.SqliteCommand.ExecuteReader(CommandBehavior behavior)
   at Microsoft.Data.Sqlite.SqliteCommand.ExecuteReaderAsync(CommandBehavior behavior, CancellationToken cancellationToken)
   at Microsoft.Data.Sqlite.SqliteCommand.ExecuteDbDataReaderAsync(CommandBehavior behavior, CancellationToken cancellationToken)
   at Microsoft.EntityFrameworkCore.Storage.RelationalCommand.ExecuteReaderAsync(RelationalCommandParameterObject parameterObject, CancellationToken cancellationToken)
   at Microsoft.EntityFrameworkCore.Storage.RelationalCommand.ExecuteReaderAsync(RelationalCommandParameterObject parameterObject, CancellationToken cancellationToken)
   at Microsoft.EntityFrameworkCore.Update.ReaderModificationCommandBatch.ExecuteAsync(IRelationalConnection connection, CancellationToken cancellationToken)
   --- End of inner exception stack trace ---
   at Microsoft.EntityFrameworkCore.Update.ReaderModificationCommandBatch.ExecuteAsync(IRelationalConnection connection, CancellationToken cancellationToken)
   at Microsoft.EntityFrameworkCore.Update.Internal.BatchExecutor.ExecuteAsync(IEnumerable`1 commandBatches, IRelationalConnection connection, CancellationToken cancellationToken)
   at Microsoft.EntityFrameworkCore.Update.Internal.BatchExecutor.ExecuteAsync(IEnumerable`1 commandBatches, IRelationalConnection connection, CancellationToken cancellationToken)
   at Microsoft.EntityFrameworkCore.Update.Internal.BatchExecutor.ExecuteAsync(IEnumerable`1 commandBatches, IRelationalConnection connection, CancellationToken cancellationToken)
   at Microsoft.EntityFrameworkCore.Storage.RelationalDatabase.SaveChangesAsync(IList`1 entries, CancellationToken cancellationToken)
   at Microsoft.EntityFrameworkCore.ChangeTracking.Internal.StateManager.SaveChangesAsync(IList`1 entriesToSave, CancellationToken cancellationToken)
   at Microsoft.EntityFrameworkCore.ChangeTracking.Internal.StateManager.SaveChangesAsync(StateManager stateManager, Boolean acceptAllChangesOnSuccess, CancellationToken cancellationToken)
   at Microsoft.EntityFrameworkCore.DbContext.SaveChangesAsync(Boolean acceptAllChangesOnSuccess, CancellationToken cancellationToken)
2026-03-01 10:27:49.330 +01:00 [ERR] Application closing due to fatal exception
2026-03-01 10:30:27.240 +01:00 [INF] Service initialization complete
2026-03-01 10:30:27.696 +01:00 [INF] Acquiring an exclusive lock for migration application. See https://aka.ms/efcore-docs-migrations-lock for more information if this takes too long.
2026-03-01 10:30:27.710 +01:00 [INF] Executed DbCommand (5ms) [Parameters=[], CommandType='"Text"', CommandTimeout='30']
SELECT COUNT(*) FROM "sqlite_master" WHERE "name" = '__EFMigrationsLock' AND "type" = 'table';
2026-03-01 10:30:27.731 +01:00 [INF] Executed DbCommand (17ms) [Parameters=[], CommandType='"Text"', CommandTimeout='30']
CREATE TABLE IF NOT EXISTS "__EFMigrationsLock" (
    "Id" INTEGER NOT NULL CONSTRAINT "PK___EFMigrationsLock" PRIMARY KEY,
    "Timestamp" TEXT NOT NULL
);
2026-03-01 10:30:27.747 +01:00 [INF] Executed DbCommand (15ms) [Parameters=[], CommandType='"Text"', CommandTimeout='30']
INSERT OR IGNORE INTO "__EFMigrationsLock"("Id", "Timestamp") VALUES(1, '2026-03-01 09:30:27.7315664+00:00');
SELECT changes();
2026-03-01 10:30:27.782 +01:00 [INF] Executed DbCommand (0ms) [Parameters=[], CommandType='"Text"', CommandTimeout='30']
CREATE TABLE IF NOT EXISTS "__EFMigrationsHistory" (
    "MigrationId" TEXT NOT NULL CONSTRAINT "PK___EFMigrationsHistory" PRIMARY KEY,
    "ProductVersion" TEXT NOT NULL
);
2026-03-01 10:30:27.803 +01:00 [INF] Executed DbCommand (0ms) [Parameters=[], CommandType='"Text"', CommandTimeout='30']
SELECT COUNT(*) FROM "sqlite_master" WHERE "name" = '__EFMigrationsHistory' AND "type" = 'table';
2026-03-01 10:30:27.805 +01:00 [INF] Executed DbCommand (0ms) [Parameters=[], CommandType='"Text"', CommandTimeout='30']
SELECT "MigrationId", "ProductVersion"
FROM "__EFMigrationsHistory"
ORDER BY "MigrationId";
2026-03-01 10:30:27.811 +01:00 [INF] Applying migration '20240818134035_Initial'.
2026-03-01 10:30:27.815 +01:00 [INF] Executed DbCommand (0ms) [Parameters=[], CommandType='"Text"', CommandTimeout='30']
CREATE TABLE "Games" (
    "Id" INTEGER NOT NULL CONSTRAINT "PK_Games" PRIMARY KEY AUTOINCREMENT,
    "Title" TEXT NULL,
    "Author" TEXT NULL,
    "ReleaseDate" TEXT NULL,
    "InstallDate" TEXT NULL,
    "GameEngine" INTEGER NOT NULL,
    "TimePlayed" TEXT NOT NULL,
    "Setting" TEXT NULL,
    "Length" INTEGER NOT NULL,
    "Difficulty" INTEGER NOT NULL
);
2026-03-01 10:30:27.815 +01:00 [INF] Executed DbCommand (0ms) [Parameters=[], CommandType='"Text"', CommandTimeout='30']
INSERT INTO "__EFMigrationsHistory" ("MigrationId", "ProductVersion")
VALUES ('20240818134035_Initial', '10.0.2');
2026-03-01 10:30:27.830 +01:00 [INF] Applying migration '20240820142138_ChangedGameEntity'.
2026-03-01 10:30:27.836 +01:00 [WRN] The migration operation 'PRAGMA foreign_keys = 0;
' from migration 'ChangedGameEntity' cannot be executed in a transaction. If the app is terminated or an unrecoverable error occurs while this operation is being executed then the migration will be left in a partially applied state and would need to be reverted manually before it can be applied again. Create a separate migration that contains just this operation.
2026-03-01 10:30:27.836 +01:00 [INF] Executed DbCommand (0ms) [Parameters=[], CommandType='"Text"', CommandTimeout='30']
ALTER TABLE "Games" ADD "ExecutablePath" TEXT NULL;
2026-03-01 10:30:27.836 +01:00 [INF] Executed DbCommand (0ms) [Parameters=[], CommandType='"Text"', CommandTimeout='30']
ALTER TABLE "Games" ADD "InstallDirectory" TEXT NULL;
2026-03-01 10:30:27.836 +01:00 [INF] Executed DbCommand (0ms) [Parameters=[], CommandType='"Text"', CommandTimeout='30']
CREATE TABLE "ef_temp_Games" (
    "Id" INTEGER NOT NULL CONSTRAINT "PK_Games" PRIMARY KEY AUTOINCREMENT,
    "Author" TEXT NULL,
    "Difficulty" INTEGER NOT NULL,
    "ExecutablePath" TEXT NULL,
    "GameEngine" INTEGER NOT NULL,
    "InstallDate" TEXT NULL,
    "InstallDirectory" TEXT NULL,
    "Length" INTEGER NOT NULL,
    "ReleaseDate" TEXT NULL,
    "Setting" TEXT NULL,
    "Title" TEXT NULL
);
2026-03-01 10:30:27.836 +01:00 [INF] Executed DbCommand (0ms) [Parameters=[], CommandType='"Text"', CommandTimeout='30']
INSERT INTO "ef_temp_Games" ("Id", "Author", "Difficulty", "ExecutablePath", "GameEngine", "InstallDate", "InstallDirectory", "Length", "ReleaseDate", "Setting", "Title")
SELECT "Id", "Author", "Difficulty", "ExecutablePath", "GameEngine", "InstallDate", "InstallDirectory", "Length", "ReleaseDate", "Setting", "Title"
FROM "Games";
2026-03-01 10:30:27.850 +01:00 [INF] Executed DbCommand (0ms) [Parameters=[], CommandType='"Text"', CommandTimeout='30']
PRAGMA foreign_keys = 0;
2026-03-01 10:30:27.851 +01:00 [INF] Executed DbCommand (0ms) [Parameters=[], CommandType='"Text"', CommandTimeout='30']
DROP TABLE "Games";
2026-03-01 10:30:27.851 +01:00 [INF] Executed DbCommand (0ms) [Parameters=[], CommandType='"Text"', CommandTimeout='30']
ALTER TABLE "ef_temp_Games" RENAME TO "Games";
2026-03-01 10:30:27.867 +01:00 [INF] Executed DbCommand (0ms) [Parameters=[], CommandType='"Text"', CommandTimeout='30']
PRAGMA foreign_keys = 1;
2026-03-01 10:30:27.882 +01:00 [INF] Executed DbCommand (14ms) [Parameters=[], CommandType='"Text"', CommandTimeout='30']
INSERT INTO "__EFMigrationsHistory" ("MigrationId", "ProductVersion")
VALUES ('20240820142138_ChangedGameEntity', '10.0.2');
2026-03-01 10:30:27.882 +01:00 [INF] Applying migration '20240822101030_AddDescriptionField'.
2026-03-01 10:30:27.882 +01:00 [INF] Executed DbCommand (0ms) [Parameters=[], CommandType='"Text"', CommandTimeout='30']
ALTER TABLE "Games" ADD "Description" TEXT NULL;
2026-03-01 10:30:27.882 +01:00 [INF] Executed DbCommand (0ms) [Parameters=[], CommandType='"Text"', CommandTimeout='30']
INSERT INTO "__EFMigrationsHistory" ("MigrationId", "ProductVersion")
VALUES ('20240822101030_AddDescriptionField', '10.0.2');
2026-03-01 10:30:27.897 +01:00 [INF] Applying migration '20240824144429_AddPlaySessions'.
2026-03-01 10:30:27.901 +01:00 [INF] Executed DbCommand (0ms) [Parameters=[], CommandType='"Text"', CommandTimeout='30']
CREATE TABLE "PlaySession" (
    "Id" INTEGER NOT NULL CONSTRAINT "PK_PlaySession" PRIMARY KEY AUTOINCREMENT,
    "GameId" INTEGER NULL,
    "StartDate" TEXT NOT NULL,
    "EndDate" TEXT NOT NULL,
    CONSTRAINT "FK_PlaySession_Games_GameId" FOREIGN KEY ("GameId") REFERENCES "Games" ("Id")
);
2026-03-01 10:30:27.901 +01:00 [INF] Executed DbCommand (0ms) [Parameters=[], CommandType='"Text"', CommandTimeout='30']
CREATE INDEX "IX_PlaySession_GameId" ON "PlaySession" ("GameId");
2026-03-01 10:30:27.901 +01:00 [INF] Executed DbCommand (0ms) [Parameters=[], CommandType='"Text"', CommandTimeout='30']
INSERT INTO "__EFMigrationsHistory" ("MigrationId", "ProductVersion")
VALUES ('20240824144429_AddPlaySessions', '10.0.2');
2026-03-01 10:30:27.915 +01:00 [INF] Applying migration '20240825004221_AddHashes'.
2026-03-01 10:30:27.919 +01:00 [WRN] The migration operation 'PRAGMA foreign_keys = 0;
' from migration 'AddHashes' cannot be executed in a transaction. If the app is terminated or an unrecoverable error occurs while this operation is being executed then the migration will be left in a partially applied state and would need to be reverted manually before it can be applied again. Create a separate migration that contains just this operation.
2026-03-01 10:30:27.919 +01:00 [INF] Executed DbCommand (0ms) [Parameters=[], CommandType='"Text"', CommandTimeout='30']
ALTER TABLE "Games" ADD "Guid" TEXT NOT NULL DEFAULT '00000000-0000-0000-0000-000000000000';
2026-03-01 10:30:27.919 +01:00 [INF] Executed DbCommand (0ms) [Parameters=[], CommandType='"Text"', CommandTimeout='30']
CREATE TABLE "GameHashes" (
    "Id" INTEGER NOT NULL CONSTRAINT "PK_GameHashes" PRIMARY KEY AUTOINCREMENT,
    "GameId" INTEGER NOT NULL,
    "Md5Hash" TEXT NULL,
    "FileName" TEXT NULL,
    CONSTRAINT "FK_GameHashes_Games_GameId" FOREIGN KEY ("GameId") REFERENCES "Games" ("Id") ON DELETE CASCADE
);
2026-03-01 10:30:27.919 +01:00 [INF] Executed DbCommand (0ms) [Parameters=[], CommandType='"Text"', CommandTimeout='30']
CREATE INDEX "IX_GameHashes_GameId" ON "GameHashes" ("GameId");
2026-03-01 10:30:27.920 +01:00 [INF] Executed DbCommand (0ms) [Parameters=[], CommandType='"Text"', CommandTimeout='30']
CREATE TABLE "ef_temp_PlaySession" (
    "Id" INTEGER NOT NULL CONSTRAINT "PK_PlaySession" PRIMARY KEY AUTOINCREMENT,
    "EndDate" TEXT NOT NULL,
    "GameId" INTEGER NOT NULL,
    "StartDate" TEXT NOT NULL,
    CONSTRAINT "FK_PlaySession_Games_GameId" FOREIGN KEY ("GameId") REFERENCES "Games" ("Id") ON DELETE CASCADE
);
2026-03-01 10:30:27.920 +01:00 [INF] Executed DbCommand (0ms) [Parameters=[], CommandType='"Text"', CommandTimeout='30']
INSERT INTO "ef_temp_PlaySession" ("Id", "EndDate", "GameId", "StartDate")
SELECT "Id", "EndDate", IFNULL("GameId", 0), "StartDate"
FROM "PlaySession";
2026-03-01 10:30:27.935 +01:00 [INF] Executed DbCommand (0ms) [Parameters=[], CommandType='"Text"', CommandTimeout='30']
PRAGMA foreign_keys = 0;
2026-03-01 10:30:27.935 +01:00 [INF] Executed DbCommand (0ms) [Parameters=[], CommandType='"Text"', CommandTimeout='30']
DROP TABLE "PlaySession";
2026-03-01 10:30:27.935 +01:00 [INF] Executed DbCommand (0ms) [Parameters=[], CommandType='"Text"', CommandTimeout='30']
ALTER TABLE "ef_temp_PlaySession" RENAME TO "PlaySession";
2026-03-01 10:30:27.949 +01:00 [INF] Executed DbCommand (0ms) [Parameters=[], CommandType='"Text"', CommandTimeout='30']
PRAGMA foreign_keys = 1;
2026-03-01 10:30:27.950 +01:00 [INF] Executed DbCommand (0ms) [Parameters=[], CommandType='"Text"', CommandTimeout='30']
CREATE INDEX "IX_PlaySession_GameId" ON "PlaySession" ("GameId");
2026-03-01 10:30:27.979 +01:00 [INF] Executed DbCommand (14ms) [Parameters=[], CommandType='"Text"', CommandTimeout='30']
INSERT INTO "__EFMigrationsHistory" ("MigrationId", "ProductVersion")
VALUES ('20240825004221_AddHashes', '10.0.2');
2026-03-01 10:30:27.979 +01:00 [INF] Applying migration '20240826004515_AddTitlePic'.
2026-03-01 10:30:27.981 +01:00 [INF] Executed DbCommand (0ms) [Parameters=[], CommandType='"Text"', CommandTimeout='30']
ALTER TABLE "Games" ADD "TitlePic" BLOB NULL;
2026-03-01 10:30:27.981 +01:00 [INF] Executed DbCommand (0ms) [Parameters=[], CommandType='"Text"', CommandTimeout='30']
INSERT INTO "__EFMigrationsHistory" ("MigrationId", "ProductVersion")
VALUES ('20240826004515_AddTitlePic', '10.0.2');
2026-03-01 10:30:27.996 +01:00 [INF] Applying migration '20240828145517_AddAuthorFullName'.
2026-03-01 10:30:27.998 +01:00 [INF] Executed DbCommand (0ms) [Parameters=[], CommandType='"Text"', CommandTimeout='30']
ALTER TABLE "Games" ADD "AuthorFullName" TEXT NULL;
2026-03-01 10:30:27.998 +01:00 [INF] Executed DbCommand (0ms) [Parameters=[], CommandType='"Text"', CommandTimeout='30']
INSERT INTO "__EFMigrationsHistory" ("MigrationId", "ProductVersion")
VALUES ('20240828145517_AddAuthorFullName', '10.0.2');
2026-03-01 10:30:28.012 +01:00 [INF] Applying migration '20240831092239_AddAppCrashes'.
2026-03-01 10:30:28.014 +01:00 [INF] Executed DbCommand (0ms) [Parameters=[], CommandType='"Text"', CommandTimeout='30']
CREATE TABLE "AppCrashes" (
    "Id" INTEGER NOT NULL CONSTRAINT "PK_AppCrashes" PRIMARY KEY AUTOINCREMENT,
    "Exception" TEXT NULL,
    "DateTime" TEXT NOT NULL
);
2026-03-01 10:30:28.014 +01:00 [INF] Executed DbCommand (0ms) [Parameters=[], CommandType='"Text"', CommandTimeout='30']
INSERT INTO "__EFMigrationsHistory" ("MigrationId", "ProductVersion")
VALUES ('20240831092239_AddAppCrashes', '10.0.2');
2026-03-01 10:30:28.029 +01:00 [INF] Applying migration '20240831192734_AddAppCrashesNotification'.
2026-03-01 10:30:28.030 +01:00 [INF] Executed DbCommand (0ms) [Parameters=[], CommandType='"Text"', CommandTimeout='30']
ALTER TABLE "AppCrashes" ADD "WasNotified" INTEGER NOT NULL DEFAULT 0;
2026-03-01 10:30:28.031 +01:00 [INF] Executed DbCommand (0ms) [Parameters=[], CommandType='"Text"', CommandTimeout='30']
INSERT INTO "__EFMigrationsHistory" ("MigrationId", "ProductVersion")
VALUES ('20240831192734_AddAppCrashesNotification', '10.0.2');
2026-03-01 10:30:28.045 +01:00 [INF] Applying migration '20240901181416_AddGameLinks'.
2026-03-01 10:30:28.047 +01:00 [INF] Executed DbCommand (0ms) [Parameters=[], CommandType='"Text"', CommandTimeout='30']
CREATE TABLE "GameLink" (
    "Id" INTEGER NOT NULL CONSTRAINT "PK_GameLink" PRIMARY KEY AUTOINCREMENT,
    "GameId" INTEGER NOT NULL,
    "LinkType" INTEGER NOT NULL,
    "Link" TEXT NULL,
    CONSTRAINT "FK_GameLink_Games_GameId" FOREIGN KEY ("GameId") REFERENCES "Games" ("Id") ON DELETE CASCADE
);
2026-03-01 10:30:28.047 +01:00 [INF] Executed DbCommand (0ms) [Parameters=[], CommandType='"Text"', CommandTimeout='30']
CREATE INDEX "IX_GameLink_GameId" ON "GameLink" ("GameId");
2026-03-01 10:30:28.047 +01:00 [INF] Executed DbCommand (0ms) [Parameters=[], CommandType='"Text"', CommandTimeout='30']
INSERT INTO "__EFMigrationsHistory" ("MigrationId", "ProductVersion")
VALUES ('20240901181416_AddGameLinks', '10.0.2');
2026-03-01 10:30:28.062 +01:00 [INF] Applying migration '20241214170735_ApplicationSettings'.
2026-03-01 10:30:28.066 +01:00 [INF] Executed DbCommand (0ms) [Parameters=[], CommandType='"Text"', CommandTimeout='30']
CREATE TABLE "Settings" (
    "Id" INTEGER NOT NULL CONSTRAINT "PK_Settings" PRIMARY KEY AUTOINCREMENT,
    "SettingName" TEXT NULL,
    "StringValue" TEXT NULL,
    "IntValue" INTEGER NULL,
    "DoubleValue" REAL NULL,
    "BoolValue" INTEGER NULL,
    "DateTimeValue" TEXT NULL
);
2026-03-01 10:30:28.066 +01:00 [INF] Executed DbCommand (0ms) [Parameters=[], CommandType='"Text"', CommandTimeout='30']
INSERT INTO "__EFMigrationsHistory" ("MigrationId", "ProductVersion")
VALUES ('20241214170735_ApplicationSettings', '10.0.2');
2026-03-01 10:30:28.080 +01:00 [INF] Applying migration '20241225231328_AddBaseUrlToGameLinks'.
2026-03-01 10:30:28.083 +01:00 [INF] Executed DbCommand (0ms) [Parameters=[], CommandType='"Text"', CommandTimeout='30']
ALTER TABLE "GameLink" ADD "BaseUrl" TEXT NULL;
2026-03-01 10:30:28.083 +01:00 [INF] Executed DbCommand (0ms) [Parameters=[], CommandType='"Text"', CommandTimeout='30']
INSERT INTO "__EFMigrationsHistory" ("MigrationId", "ProductVersion")
VALUES ('20241225231328_AddBaseUrlToGameLinks', '10.0.2');
2026-03-01 10:30:28.098 +01:00 [INF] Applying migration '20241225233156_AddDisplayNameToGameLinks'.
2026-03-01 10:30:28.100 +01:00 [INF] Executed DbCommand (0ms) [Parameters=[], CommandType='"Text"', CommandTimeout='30']
ALTER TABLE "GameLink" ADD "DisplayName" TEXT NULL;
2026-03-01 10:30:28.100 +01:00 [INF] Executed DbCommand (0ms) [Parameters=[], CommandType='"Text"', CommandTimeout='30']
INSERT INTO "__EFMigrationsHistory" ("MigrationId", "ProductVersion")
VALUES ('20241225233156_AddDisplayNameToGameLinks', '10.0.2');
2026-03-01 10:30:28.114 +01:00 [INF] Applying migration '20241228140551_AddUniversalLauncherPath'.
2026-03-01 10:30:28.117 +01:00 [INF] Executed DbCommand (0ms) [Parameters=[], CommandType='"Text"', CommandTimeout='30']
ALTER TABLE "Games" ADD "UniversalLauncherPath" TEXT NULL;
2026-03-01 10:30:28.117 +01:00 [INF] Executed DbCommand (0ms) [Parameters=[], CommandType='"Text"', CommandTimeout='30']
INSERT INTO "__EFMigrationsHistory" ("MigrationId", "ProductVersion")
VALUES ('20241228140551_AddUniversalLauncherPath', '10.0.2');
2026-03-01 10:30:28.132 +01:00 [INF] Applying migration '20250105003305_RemoveApplicationSettings'.
2026-03-01 10:30:28.134 +01:00 [INF] Executed DbCommand (0ms) [Parameters=[], CommandType='"Text"', CommandTimeout='30']
DROP TABLE "Settings";
2026-03-01 10:30:28.134 +01:00 [INF] Executed DbCommand (0ms) [Parameters=[], CommandType='"Text"', CommandTimeout='30']
INSERT INTO "__EFMigrationsHistory" ("MigrationId", "ProductVersion")
VALUES ('20250105003305_RemoveApplicationSettings', '10.0.2');
2026-03-01 10:30:28.148 +01:00 [INF] Applying migration '20250118230051_Add FileBackup'.
2026-03-01 10:30:28.151 +01:00 [INF] Executed DbCommand (0ms) [Parameters=[], CommandType='"Text"', CommandTimeout='30']
CREATE TABLE "FileBackups" (
    "Id" INTEGER NOT NULL CONSTRAINT "PK_FileBackups" PRIMARY KEY AUTOINCREMENT,
    "FileName" TEXT NULL,
    "Data" BLOB NULL,
    "BackedUpOn" TEXT NOT NULL,
    "FileType" INTEGER NOT NULL,
    "GameId" INTEGER NULL,
    CONSTRAINT "FK_FileBackups_Games_GameId" FOREIGN KEY ("GameId") REFERENCES "Games" ("Id")
);
2026-03-01 10:30:28.151 +01:00 [INF] Executed DbCommand (0ms) [Parameters=[], CommandType='"Text"', CommandTimeout='30']
CREATE INDEX "IX_FileBackups_GameId" ON "FileBackups" ("GameId");
2026-03-01 10:30:28.151 +01:00 [INF] Executed DbCommand (0ms) [Parameters=[], CommandType='"Text"', CommandTimeout='30']
INSERT INTO "__EFMigrationsHistory" ("MigrationId", "ProductVersion")
VALUES ('20250118230051_Add FileBackup', '10.0.2');
2026-03-01 10:30:28.166 +01:00 [INF] Applying migration '20250119105447_Fix FileBackup'.
2026-03-01 10:30:28.170 +01:00 [WRN] The migration operation 'PRAGMA foreign_keys = 0;
' from migration 'FixFileBackup' cannot be executed in a transaction. If the app is terminated or an unrecoverable error occurs while this operation is being executed then the migration will be left in a partially applied state and would need to be reverted manually before it can be applied again. Create a separate migration that contains just this operation.
2026-03-01 10:30:28.170 +01:00 [INF] Executed DbCommand (0ms) [Parameters=[], CommandType='"Text"', CommandTimeout='30']
DROP INDEX "IX_FileBackups_GameId";
2026-03-01 10:30:28.170 +01:00 [INF] Executed DbCommand (0ms) [Parameters=[], CommandType='"Text"', CommandTimeout='30']
CREATE TABLE "ef_temp_FileBackups" (
    "Id" INTEGER NOT NULL CONSTRAINT "PK_FileBackups" PRIMARY KEY AUTOINCREMENT,
    "BackedUpOn" TEXT NOT NULL,
    "Data" BLOB NULL,
    "FileName" TEXT NULL,
    "FileType" INTEGER NOT NULL,
    "GameId" INTEGER NOT NULL
);
2026-03-01 10:30:28.170 +01:00 [INF] Executed DbCommand (0ms) [Parameters=[], CommandType='"Text"', CommandTimeout='30']
INSERT INTO "ef_temp_FileBackups" ("Id", "BackedUpOn", "Data", "FileName", "FileType", "GameId")
SELECT "Id", "BackedUpOn", "Data", "FileName", "FileType", IFNULL("GameId", 0)
FROM "FileBackups";
2026-03-01 10:30:28.184 +01:00 [INF] Executed DbCommand (0ms) [Parameters=[], CommandType='"Text"', CommandTimeout='30']
PRAGMA foreign_keys = 0;
2026-03-01 10:30:28.184 +01:00 [INF] Executed DbCommand (0ms) [Parameters=[], CommandType='"Text"', CommandTimeout='30']
DROP TABLE "FileBackups";
2026-03-01 10:30:28.185 +01:00 [INF] Executed DbCommand (0ms) [Parameters=[], CommandType='"Text"', CommandTimeout='30']
ALTER TABLE "ef_temp_FileBackups" RENAME TO "FileBackups";
2026-03-01 10:30:28.200 +01:00 [INF] Executed DbCommand (0ms) [Parameters=[], CommandType='"Text"', CommandTimeout='30']
PRAGMA foreign_keys = 1;
2026-03-01 10:30:28.214 +01:00 [INF] Executed DbCommand (14ms) [Parameters=[], CommandType='"Text"', CommandTimeout='30']
INSERT INTO "__EFMigrationsHistory" ("MigrationId", "ProductVersion")
VALUES ('20250119105447_Fix FileBackup', '10.0.2');
2026-03-01 10:30:28.214 +01:00 [INF] Applying migration '20250119110222_Add FileBackup List'.
2026-03-01 10:30:28.217 +01:00 [WRN] The migration operation 'PRAGMA foreign_keys = 0;
' from migration 'AddFileBackupList' cannot be executed in a transaction. If the app is terminated or an unrecoverable error occurs while this operation is being executed then the migration will be left in a partially applied state and would need to be reverted manually before it can be applied again. Create a separate migration that contains just this operation.
2026-03-01 10:30:28.217 +01:00 [INF] Executed DbCommand (0ms) [Parameters=[], CommandType='"Text"', CommandTimeout='30']
CREATE INDEX "IX_FileBackups_GameId" ON "FileBackups" ("GameId");
2026-03-01 10:30:28.218 +01:00 [INF] Executed DbCommand (0ms) [Parameters=[], CommandType='"Text"', CommandTimeout='30']
CREATE TABLE "ef_temp_FileBackups" (
    "Id" INTEGER NOT NULL CONSTRAINT "PK_FileBackups" PRIMARY KEY AUTOINCREMENT,
    "BackedUpOn" TEXT NOT NULL,
    "Data" BLOB NULL,
    "FileName" TEXT NULL,
    "FileType" INTEGER NOT NULL,
    "GameId" INTEGER NOT NULL,
    CONSTRAINT "FK_FileBackups_Games_GameId" FOREIGN KEY ("GameId") REFERENCES "Games" ("Id") ON DELETE CASCADE
);
2026-03-01 10:30:28.218 +01:00 [INF] Executed DbCommand (0ms) [Parameters=[], CommandType='"Text"', CommandTimeout='30']
INSERT INTO "ef_temp_FileBackups" ("Id", "BackedUpOn", "Data", "FileName", "FileType", "GameId")
SELECT "Id", "BackedUpOn", "Data", "FileName", "FileType", "GameId"
FROM "FileBackups";
2026-03-01 10:30:28.233 +01:00 [INF] Executed DbCommand (0ms) [Parameters=[], CommandType='"Text"', CommandTimeout='30']
PRAGMA foreign_keys = 0;
2026-03-01 10:30:28.233 +01:00 [INF] Executed DbCommand (0ms) [Parameters=[], CommandType='"Text"', CommandTimeout='30']
DROP TABLE "FileBackups";
2026-03-01 10:30:28.233 +01:00 [INF] Executed DbCommand (0ms) [Parameters=[], CommandType='"Text"', CommandTimeout='30']
ALTER TABLE "ef_temp_FileBackups" RENAME TO "FileBackups";
2026-03-01 10:30:28.247 +01:00 [INF] Executed DbCommand (0ms) [Parameters=[], CommandType='"Text"', CommandTimeout='30']
PRAGMA foreign_keys = 1;
2026-03-01 10:30:28.247 +01:00 [INF] Executed DbCommand (0ms) [Parameters=[], CommandType='"Text"', CommandTimeout='30']
CREATE INDEX "IX_FileBackups_GameId" ON "FileBackups" ("GameId");
2026-03-01 10:30:28.277 +01:00 [INF] Executed DbCommand (14ms) [Parameters=[], CommandType='"Text"', CommandTimeout='30']
INSERT INTO "__EFMigrationsHistory" ("MigrationId", "ProductVersion")
VALUES ('20250119110222_Add FileBackup List', '10.0.2');
2026-03-01 10:30:28.277 +01:00 [INF] Applying migration '20250119110732_Add Md5 Hash To FileBackups'.
2026-03-01 10:30:28.292 +01:00 [INF] Executed DbCommand (0ms) [Parameters=[], CommandType='"Text"', CommandTimeout='30']
ALTER TABLE "FileBackups" ADD "Md5" TEXT NULL;
2026-03-01 10:30:28.293 +01:00 [INF] Executed DbCommand (0ms) [Parameters=[], CommandType='"Text"', CommandTimeout='30']
INSERT INTO "__EFMigrationsHistory" ("MigrationId", "ProductVersion")
VALUES ('20250119110732_Add Md5 Hash To FileBackups', '10.0.2');
2026-03-01 10:30:28.308 +01:00 [INF] Applying migration '20250126140418_AddSavegameMetadata'.
2026-03-01 10:30:28.312 +01:00 [INF] Executed DbCommand (0ms) [Parameters=[], CommandType='"Text"', CommandTimeout='30']
CREATE TABLE "SavegameMetadata" (
    "Id" INTEGER NOT NULL CONSTRAINT "PK_SavegameMetadata" PRIMARY KEY AUTOINCREMENT,
    "FileBackupId" INTEGER NOT NULL,
    "SlotNumber" INTEGER NOT NULL,
    "SaveNumber" INTEGER NOT NULL,
    "LevelName" TEXT NULL,
    CONSTRAINT "FK_SavegameMetadata_FileBackups_FileBackupId" FOREIGN KEY ("FileBackupId") REFERENCES "FileBackups" ("Id") ON DELETE CASCADE
);
2026-03-01 10:30:28.312 +01:00 [INF] Executed DbCommand (0ms) [Parameters=[], CommandType='"Text"', CommandTimeout='30']
CREATE UNIQUE INDEX "IX_SavegameMetadata_FileBackupId" ON "SavegameMetadata" ("FileBackupId");
2026-03-01 10:30:28.312 +01:00 [INF] Executed DbCommand (0ms) [Parameters=[], CommandType='"Text"', CommandTimeout='30']
INSERT INTO "__EFMigrationsHistory" ("MigrationId", "ProductVersion")
VALUES ('20250126140418_AddSavegameMetadata', '10.0.2');
2026-03-01 10:30:28.326 +01:00 [INF] Applying migration '20250202213606_AddIsInstalledField'.
2026-03-01 10:30:28.330 +01:00 [INF] Executed DbCommand (0ms) [Parameters=[], CommandType='"Text"', CommandTimeout='30']
ALTER TABLE "Games" ADD "IsInstalled" INTEGER NOT NULL DEFAULT 1;
2026-03-01 10:30:28.330 +01:00 [INF] Executed DbCommand (0ms) [Parameters=[], CommandType='"Text"', CommandTimeout='30']
INSERT INTO "__EFMigrationsHistory" ("MigrationId", "ProductVersion")
VALUES ('20250202213606_AddIsInstalledField', '10.0.2');
2026-03-01 10:30:28.345 +01:00 [INF] Applying migration '20250210204434_AddsFileBackupArguments'.
2026-03-01 10:30:28.348 +01:00 [INF] Executed DbCommand (0ms) [Parameters=[], CommandType='"Text"', CommandTimeout='30']
ALTER TABLE "FileBackups" ADD "Arguments" TEXT NULL;
2026-03-01 10:30:28.348 +01:00 [INF] Executed DbCommand (0ms) [Parameters=[], CommandType='"Text"', CommandTimeout='30']
INSERT INTO "__EFMigrationsHistory" ("MigrationId", "ProductVersion")
VALUES ('20250210204434_AddsFileBackupArguments', '10.0.2');
2026-03-01 10:30:28.362 +01:00 [INF] Applying migration '20250211231858_RemoveFieldsFromGame'.
2026-03-01 10:30:28.367 +01:00 [WRN] The migration operation 'PRAGMA foreign_keys = 0;
' from migration 'RemoveFieldsFromGame' cannot be executed in a transaction. If the app is terminated or an unrecoverable error occurs while this operation is being executed then the migration will be left in a partially applied state and would need to be reverted manually before it can be applied again. Create a separate migration that contains just this operation.
2026-03-01 10:30:28.367 +01:00 [INF] Executed DbCommand (0ms) [Parameters=[], CommandType='"Text"', CommandTimeout='30']
CREATE TABLE "ef_temp_Games" (
    "Id" INTEGER NOT NULL CONSTRAINT "PK_Games" PRIMARY KEY AUTOINCREMENT,
    "Author" TEXT NULL,
    "AuthorFullName" TEXT NULL,
    "Description" TEXT NULL,
    "Difficulty" INTEGER NOT NULL,
    "GameEngine" INTEGER NOT NULL,
    "Guid" TEXT NOT NULL,
    "InstallDate" TEXT NULL,
    "InstallDirectory" TEXT NULL,
    "IsInstalled" INTEGER NOT NULL,
    "Length" INTEGER NOT NULL,
    "ReleaseDate" TEXT NULL,
    "Setting" TEXT NULL,
    "Title" TEXT NULL,
    "TitlePic" BLOB NULL
);
2026-03-01 10:30:28.367 +01:00 [INF] Executed DbCommand (0ms) [Parameters=[], CommandType='"Text"', CommandTimeout='30']
INSERT INTO "ef_temp_Games" ("Id", "Author", "AuthorFullName", "Description", "Difficulty", "GameEngine", "Guid", "InstallDate", "InstallDirectory", "IsInstalled", "Length", "ReleaseDate", "Setting", "Title", "TitlePic")
SELECT "Id", "Author", "AuthorFullName", "Description", "Difficulty", "GameEngine", "Guid", "InstallDate", "InstallDirectory", "IsInstalled", "Length", "ReleaseDate", "Setting", "Title", "TitlePic"
FROM "Games";
2026-03-01 10:30:28.382 +01:00 [INF] Executed DbCommand (0ms) [Parameters=[], CommandType='"Text"', CommandTimeout='30']
PRAGMA foreign_keys = 0;
2026-03-01 10:30:28.383 +01:00 [INF] Executed DbCommand (0ms) [Parameters=[], CommandType='"Text"', CommandTimeout='30']
DROP TABLE "Games";
2026-03-01 10:30:28.383 +01:00 [INF] Executed DbCommand (0ms) [Parameters=[], CommandType='"Text"', CommandTimeout='30']
ALTER TABLE "ef_temp_Games" RENAME TO "Games";
2026-03-01 10:30:28.397 +01:00 [INF] Executed DbCommand (0ms) [Parameters=[], CommandType='"Text"', CommandTimeout='30']
PRAGMA foreign_keys = 1;
2026-03-01 10:30:28.412 +01:00 [INF] Executed DbCommand (15ms) [Parameters=[], CommandType='"Text"', CommandTimeout='30']
INSERT INTO "__EFMigrationsHistory" ("MigrationId", "ProductVersion")
VALUES ('20250211231858_RemoveFieldsFromGame', '10.0.2');
2026-03-01 10:30:28.412 +01:00 [INF] Applying migration '20250311224153_AddFavouriteAndCompleted'.
2026-03-01 10:30:28.416 +01:00 [INF] Executed DbCommand (0ms) [Parameters=[], CommandType='"Text"', CommandTimeout='30']
ALTER TABLE "Games" ADD "IsCompleted" INTEGER NOT NULL DEFAULT 0;
2026-03-01 10:30:28.417 +01:00 [INF] Executed DbCommand (0ms) [Parameters=[], CommandType='"Text"', CommandTimeout='30']
ALTER TABLE "Games" ADD "IsFavourite" INTEGER NOT NULL DEFAULT 0;
2026-03-01 10:30:28.417 +01:00 [INF] Executed DbCommand (0ms) [Parameters=[], CommandType='"Text"', CommandTimeout='30']
INSERT INTO "__EFMigrationsHistory" ("MigrationId", "ProductVersion")
VALUES ('20250311224153_AddFavouriteAndCompleted', '10.0.2');
2026-03-01 10:30:28.431 +01:00 [INF] Applying migration '20260301093004_EnableNullableReferenceTypes'.
2026-03-01 10:30:28.439 +01:00 [WRN] The migration operation 'PRAGMA foreign_keys = 0;
' from migration 'EnableNullableReferenceTypes' cannot be executed in a transaction. If the app is terminated or an unrecoverable error occurs while this operation is being executed then the migration will be left in a partially applied state and would need to be reverted manually before it can be applied again. Create a separate migration that contains just this operation.
2026-03-01 10:30:28.439 +01:00 [INF] Executed DbCommand (0ms) [Parameters=[], CommandType='"Text"', CommandTimeout='30']
CREATE TABLE "ef_temp_SavegameMetadata" (
    "Id" INTEGER NOT NULL CONSTRAINT "PK_SavegameMetadata" PRIMARY KEY AUTOINCREMENT,
    "FileBackupId" INTEGER NOT NULL,
    "LevelName" TEXT NOT NULL,
    "SaveNumber" INTEGER NOT NULL,
    "SlotNumber" INTEGER NOT NULL,
    CONSTRAINT "FK_SavegameMetadata_FileBackups_FileBackupId" FOREIGN KEY ("FileBackupId") REFERENCES "FileBackups" ("Id") ON DELETE CASCADE
);
2026-03-01 10:30:28.439 +01:00 [INF] Executed DbCommand (0ms) [Parameters=[], CommandType='"Text"', CommandTimeout='30']
INSERT INTO "ef_temp_SavegameMetadata" ("Id", "FileBackupId", "LevelName", "SaveNumber", "SlotNumber")
SELECT "Id", "FileBackupId", IFNULL("LevelName", ''), "SaveNumber", "SlotNumber"
FROM "SavegameMetadata";
2026-03-01 10:30:28.439 +01:00 [INF] Executed DbCommand (0ms) [Parameters=[], CommandType='"Text"', CommandTimeout='30']
CREATE TABLE "ef_temp_Games" (
    "Id" INTEGER NOT NULL CONSTRAINT "PK_Games" PRIMARY KEY AUTOINCREMENT,
    "Author" TEXT NOT NULL,
    "AuthorFullName" TEXT NOT NULL,
    "Description" TEXT NOT NULL,
    "Difficulty" INTEGER NOT NULL,
    "GameEngine" INTEGER NOT NULL,
    "Guid" TEXT NOT NULL,
    "InstallDate" TEXT NULL,
    "InstallDirectory" TEXT NOT NULL,
    "IsCompleted" INTEGER NOT NULL,
    "IsFavourite" INTEGER NOT NULL,
    "IsInstalled" INTEGER NOT NULL,
    "Length" INTEGER NOT NULL,
    "ReleaseDate" TEXT NULL,
    "Setting" TEXT NOT NULL,
    "Title" TEXT NOT NULL,
    "TitlePic" BLOB NOT NULL
);
2026-03-01 10:30:28.439 +01:00 [INF] Executed DbCommand (0ms) [Parameters=[], CommandType='"Text"', CommandTimeout='30']
INSERT INTO "ef_temp_Games" ("Id", "Author", "AuthorFullName", "Description", "Difficulty", "GameEngine", "Guid", "InstallDate", "InstallDirectory", "IsCompleted", "IsFavourite", "IsInstalled", "Length", "ReleaseDate", "Setting", "Title", "TitlePic")
SELECT "Id", IFNULL("Author", ''), IFNULL("AuthorFullName", ''), IFNULL("Description", ''), "Difficulty", "GameEngine", "Guid", "InstallDate", IFNULL("InstallDirectory", ''), "IsCompleted", "IsFavourite", "IsInstalled", "Length", "ReleaseDate", IFNULL("Setting", ''), IFNULL("Title", ''), IFNULL("TitlePic", X'')
FROM "Games";
2026-03-01 10:30:28.439 +01:00 [INF] Executed DbCommand (0ms) [Parameters=[], CommandType='"Text"', CommandTimeout='30']
CREATE TABLE "ef_temp_GameLink" (
    "Id" INTEGER NOT NULL CONSTRAINT "PK_GameLink" PRIMARY KEY AUTOINCREMENT,
    "BaseUrl" TEXT NOT NULL,
    "DisplayName" TEXT NOT NULL,
    "GameId" INTEGER NOT NULL,
    "Link" TEXT NOT NULL,
    "LinkType" INTEGER NOT NULL,
    CONSTRAINT "FK_GameLink_Games_GameId" FOREIGN KEY ("GameId") REFERENCES "Games" ("Id") ON DELETE CASCADE
);
2026-03-01 10:30:28.439 +01:00 [INF] Executed DbCommand (0ms) [Parameters=[], CommandType='"Text"', CommandTimeout='30']
INSERT INTO "ef_temp_GameLink" ("Id", "BaseUrl", "DisplayName", "GameId", "Link", "LinkType")
SELECT "Id", IFNULL("BaseUrl", ''), IFNULL("DisplayName", ''), "GameId", IFNULL("Link", ''), "LinkType"
FROM "GameLink";
2026-03-01 10:30:28.440 +01:00 [INF] Executed DbCommand (0ms) [Parameters=[], CommandType='"Text"', CommandTimeout='30']
CREATE TABLE "ef_temp_GameHashes" (
    "Id" INTEGER NOT NULL CONSTRAINT "PK_GameHashes" PRIMARY KEY AUTOINCREMENT,
    "FileName" TEXT NOT NULL,
    "GameId" INTEGER NOT NULL,
    "Md5Hash" TEXT NOT NULL,
    CONSTRAINT "FK_GameHashes_Games_GameId" FOREIGN KEY ("GameId") REFERENCES "Games" ("Id") ON DELETE CASCADE
);
2026-03-01 10:30:28.440 +01:00 [INF] Executed DbCommand (0ms) [Parameters=[], CommandType='"Text"', CommandTimeout='30']
INSERT INTO "ef_temp_GameHashes" ("Id", "FileName", "GameId", "Md5Hash")
SELECT "Id", IFNULL("FileName", ''), "GameId", IFNULL("Md5Hash", '')
FROM "GameHashes";
2026-03-01 10:30:28.440 +01:00 [INF] Executed DbCommand (0ms) [Parameters=[], CommandType='"Text"', CommandTimeout='30']
CREATE TABLE "ef_temp_FileBackups" (
    "Id" INTEGER NOT NULL CONSTRAINT "PK_FileBackups" PRIMARY KEY AUTOINCREMENT,
    "Arguments" TEXT NOT NULL,
    "BackedUpOn" TEXT NOT NULL,
    "Data" BLOB NOT NULL,
    "FileName" TEXT NOT NULL,
    "FileType" INTEGER NOT NULL,
    "GameId" INTEGER NOT NULL,
    "Md5" TEXT NOT NULL,
    CONSTRAINT "FK_FileBackups_Games_GameId" FOREIGN KEY ("GameId") REFERENCES "Games" ("Id") ON DELETE CASCADE
);
2026-03-01 10:30:28.440 +01:00 [INF] Executed DbCommand (0ms) [Parameters=[], CommandType='"Text"', CommandTimeout='30']
INSERT INTO "ef_temp_FileBackups" ("Id", "Arguments", "BackedUpOn", "Data", "FileName", "FileType", "GameId", "Md5")
SELECT "Id", IFNULL("Arguments", ''), "BackedUpOn", IFNULL("Data", X''), IFNULL("FileName", ''), "FileType", "GameId", IFNULL("Md5", '')
FROM "FileBackups";
2026-03-01 10:30:28.440 +01:00 [INF] Executed DbCommand (0ms) [Parameters=[], CommandType='"Text"', CommandTimeout='30']
CREATE TABLE "ef_temp_AppCrashes" (
    "Id" INTEGER NOT NULL CONSTRAINT "PK_AppCrashes" PRIMARY KEY AUTOINCREMENT,
    "DateTime" TEXT NOT NULL,
    "Exception" TEXT NOT NULL,
    "WasNotified" INTEGER NOT NULL
);
2026-03-01 10:30:28.440 +01:00 [INF] Executed DbCommand (0ms) [Parameters=[], CommandType='"Text"', CommandTimeout='30']
INSERT INTO "ef_temp_AppCrashes" ("Id", "DateTime", "Exception", "WasNotified")
SELECT "Id", "DateTime", IFNULL("Exception", ''), "WasNotified"
FROM "AppCrashes";
2026-03-01 10:30:28.455 +01:00 [INF] Executed DbCommand (0ms) [Parameters=[], CommandType='"Text"', CommandTimeout='30']
PRAGMA foreign_keys = 0;
2026-03-01 10:30:28.455 +01:00 [INF] Executed DbCommand (0ms) [Parameters=[], CommandType='"Text"', CommandTimeout='30']
DROP TABLE "SavegameMetadata";
2026-03-01 10:30:28.456 +01:00 [INF] Executed DbCommand (0ms) [Parameters=[], CommandType='"Text"', CommandTimeout='30']
ALTER TABLE "ef_temp_SavegameMetadata" RENAME TO "SavegameMetadata";
2026-03-01 10:30:28.456 +01:00 [INF] Executed DbCommand (0ms) [Parameters=[], CommandType='"Text"', CommandTimeout='30']
DROP TABLE "Games";
2026-03-01 10:30:28.456 +01:00 [INF] Executed DbCommand (0ms) [Parameters=[], CommandType='"Text"', CommandTimeout='30']
ALTER TABLE "ef_temp_Games" RENAME TO "Games";
2026-03-01 10:30:28.456 +01:00 [INF] Executed DbCommand (0ms) [Parameters=[], CommandType='"Text"', CommandTimeout='30']
DROP TABLE "GameLink";
2026-03-01 10:30:28.456 +01:00 [INF] Executed DbCommand (0ms) [Parameters=[], CommandType='"Text"', CommandTimeout='30']
ALTER TABLE "ef_temp_GameLink" RENAME TO "GameLink";
2026-03-01 10:30:28.456 +01:00 [INF] Executed DbCommand (0ms) [Parameters=[], CommandType='"Text"', CommandTimeout='30']
DROP TABLE "GameHashes";
2026-03-01 10:30:28.456 +01:00 [INF] Executed DbCommand (0ms) [Parameters=[], CommandType='"Text"', CommandTimeout='30']
ALTER TABLE "ef_temp_GameHashes" RENAME TO "GameHashes";
2026-03-01 10:30:28.457 +01:00 [INF] Executed DbCommand (0ms) [Parameters=[], CommandType='"Text"', CommandTimeout='30']
DROP TABLE "FileBackups";
2026-03-01 10:30:28.457 +01:00 [INF] Executed DbCommand (0ms) [Parameters=[], CommandType='"Text"', CommandTimeout='30']
ALTER TABLE "ef_temp_FileBackups" RENAME TO "FileBackups";
2026-03-01 10:30:28.457 +01:00 [INF] Executed DbCommand (0ms) [Parameters=[], CommandType='"Text"', CommandTimeout='30']
DROP TABLE "AppCrashes";
2026-03-01 10:30:28.457 +01:00 [INF] Executed DbCommand (0ms) [Parameters=[], CommandType='"Text"', CommandTimeout='30']
ALTER TABLE "ef_temp_AppCrashes" RENAME TO "AppCrashes";
2026-03-01 10:30:28.471 +01:00 [INF] Executed DbCommand (0ms) [Parameters=[], CommandType='"Text"', CommandTimeout='30']
PRAGMA foreign_keys = 1;
2026-03-01 10:30:28.471 +01:00 [INF] Executed DbCommand (0ms) [Parameters=[], CommandType='"Text"', CommandTimeout='30']
CREATE UNIQUE INDEX "IX_SavegameMetadata_FileBackupId" ON "SavegameMetadata" ("FileBackupId");
2026-03-01 10:30:28.471 +01:00 [INF] Executed DbCommand (0ms) [Parameters=[], CommandType='"Text"', CommandTimeout='30']
CREATE INDEX "IX_GameLink_GameId" ON "GameLink" ("GameId");
2026-03-01 10:30:28.471 +01:00 [INF] Executed DbCommand (0ms) [Parameters=[], CommandType='"Text"', CommandTimeout='30']
CREATE INDEX "IX_GameHashes_GameId" ON "GameHashes" ("GameId");
2026-03-01 10:30:28.471 +01:00 [INF] Executed DbCommand (0ms) [Parameters=[], CommandType='"Text"', CommandTimeout='30']
CREATE INDEX "IX_FileBackups_GameId" ON "FileBackups" ("GameId");
2026-03-01 10:30:28.500 +01:00 [INF] Executed DbCommand (14ms) [Parameters=[], CommandType='"Text"', CommandTimeout='30']
INSERT INTO "__EFMigrationsHistory" ("MigrationId", "ProductVersion")
VALUES ('20260301093004_EnableNullableReferenceTypes', '10.0.2');
2026-03-01 10:30:28.516 +01:00 [INF] Executed DbCommand (15ms) [Parameters=[], CommandType='"Text"', CommandTimeout='30']
DELETE FROM "__EFMigrationsLock";
2026-03-01 10:30:29.333 +01:00 [INF] Starting background worker
2026-03-01 10:30:29.335 +01:00 [INF] Before starting update loop, pausing for 3 seconds so we don't pop up update window immediately...
2026-03-01 10:30:29.350 +01:00 [INF] Downloading and checking appcast
2026-03-01 10:30:29.350 +01:00 [INF] About to start downloading the app cast...
2026-03-01 10:30:29.350 +01:00 [INF] Downloading app cast data...
2026-03-01 10:30:29.495 +01:00 [INF] Executed DbCommand (0ms) [Parameters=[], CommandType='"Text"', CommandTimeout='30']
SELECT "a"."Id", "a"."DateTime", "a"."Exception", "a"."WasNotified"
FROM "AppCrashes" AS "a"
WHERE NOT ("a"."WasNotified")
ORDER BY "a"."DateTime" DESC
LIMIT 1
2026-03-01 10:30:29.560 +01:00 [INF] Executed DbCommand (0ms) [Parameters=[], CommandType='"Text"', CommandTimeout='30']
SELECT "s"."Id", "s"."EndDate", "s"."GameId", "s"."StartDate", "s"."Id0", "s"."Author", "s"."AuthorFullName", "s"."Description", "s"."Difficulty", "s"."GameEngine", "s"."Guid", "s"."InstallDate", "s"."InstallDirectory", "s"."IsCompleted", "s"."IsFavourite", "s"."IsInstalled", "s"."Length", "s"."ReleaseDate", "s"."Setting", "s"."Title", "s"."TitlePic", "f"."Id", "f"."Arguments", "f"."BackedUpOn", "f"."Data", "f"."FileName", "f"."FileType", "f"."GameId", "f"."Md5"
FROM (
    SELECT "p"."Id", "p"."EndDate", "p"."GameId", "p"."StartDate", "g"."Id" AS "Id0", "g"."Author", "g"."AuthorFullName", "g"."Description", "g"."Difficulty", "g"."GameEngine", "g"."Guid", "g"."InstallDate", "g"."InstallDirectory", "g"."IsCompleted", "g"."IsFavourite", "g"."IsInstalled", "g"."Length", "g"."ReleaseDate", "g"."Setting", "g"."Title", "g"."TitlePic"
    FROM "PlaySession" AS "p"
    INNER JOIN "Games" AS "g" ON "p"."GameId" = "g"."Id"
    WHERE "p"."StartDate" = (
        SELECT MAX("p0"."StartDate")
        FROM "PlaySession" AS "p0")
    LIMIT 1
) AS "s"
LEFT JOIN "FileBackups" AS "f" ON "s"."Id0" = "f"."GameId"
ORDER BY "s"."Id", "s"."Id0"
2026-03-01 10:30:29.701 +01:00 [INF] Downloading app cast signature data...
2026-03-01 10:30:30.012 +01:00 [INF] Appcast is valid!
2026-03-01 10:30:30.012 +01:00 [INF] App cast successfully downloaded. Parsing...
2026-03-01 10:30:30.015 +01:00 [INF] While parsing app cast item, converted 'Sun, 16 Mar 2025 00:44:04 +01:00' to "2025-03-16T00:44:04.0000000+01:00".
2026-03-01 10:30:30.015 +01:00 [INF] Found an item in the app cast: version 1.0.1 (1.0.1) -- os = windows
2026-03-01 10:30:30.015 +01:00 [INF] While parsing app cast item, converted 'Sun, 16 Mar 2025 00:49:41 +01:00' to "2025-03-16T00:49:41.0000000+01:00".
2026-03-01 10:30:30.015 +01:00 [INF] Found an item in the app cast: version 1.0.1-portable (1.0.1) -- os = windows
2026-03-01 10:30:30.015 +01:00 [INF] While parsing app cast item, converted 'Sat, 08 Mar 2025 14:53:48 +01:00' to "2025-03-08T14:53:48.0000000+01:00".
2026-03-01 10:30:30.015 +01:00 [INF] Found an item in the app cast: version 1.0.0 (1.0.0) -- os = windows
2026-03-01 10:30:30.018 +01:00 [INF] App cast parsed; getting available updates...
2026-03-01 10:30:30.018 +01:00 [INF] Looking for available updates; our installed version is 1.0.2; do we need a signature? true; are we filtering out smaller versions than our current version? true
2026-03-01 10:30:30.019 +01:00 [INF] Rejecting update for 1.0.1 (1.0.1, https://tomblauncher.app/updates/TombLauncher%201.0.1-setup.exe) because it isn't a Linux update and we're on Linux
2026-03-01 10:30:30.019 +01:00 [INF] Rejecting update for 1.0.1-portable (1.0.1, https://tomblauncher.app/updates/TombLauncher%201.0.1-portable.zip) because it isn't a Linux update and we're on Linux
2026-03-01 10:30:30.019 +01:00 [INF] Rejecting update for 1.0.0 (1.0.0, https://tomblauncher.app/updates/TombLauncher-setup.exe) because it isn't a Linux update and we're on Linux
2026-03-01 10:30:30.019 +01:00 [INF] Touch the last check timestamp
2026-03-01 10:30:30.019 +01:00 [INF] Installed version is latest, no update needed (1.0.2)
2026-03-01 10:30:32.335 +01:00 [INF] Starting update loop...
2026-03-01 10:30:32.335 +01:00 [INF] Reading config...
2026-03-01 10:30:32.335 +01:00 [INF] Done reading config. !CheckTSPInternal = false; csp >= _checkFrequency = false
2026-03-01 10:30:32.335 +01:00 [INF] Update check performed within the last 1440 minutes!
2026-03-01 10:30:32.335 +01:00 [INF] Sleeping for another 1440 minutes, exit event or force update check event
2026-03-01 10:30:33.310 +01:00 [INF] Executed DbCommand (0ms) [Parameters=[], CommandType='"Text"', CommandTimeout='30']
SELECT "p"."Id", "p"."EndDate", "p"."GameId", "p"."StartDate"
FROM "PlaySession" AS "p"
2026-03-01 10:30:33.342 +01:00 [INF] Executed DbCommand (2ms) [Parameters=[@targetFileTypes1='?' (DbType = Int32), @targetFileTypes2='?' (DbType = Int32), @targetFileTypes3='?' (DbType = Int32)], CommandType='"Text"', CommandTimeout='30']
SELECT "g"."Id", "g"."Author", "g"."AuthorFullName", "g"."Description", "g"."Difficulty", "g"."GameEngine", "g"."Guid", "g"."InstallDate", "g"."InstallDirectory", "g"."IsCompleted", "g"."IsFavourite", "g"."IsInstalled", "g"."Length", "g"."ReleaseDate", "g"."Setting", "g"."Title", "g"."TitlePic", "f0"."Id", "f0"."Arguments", "f0"."BackedUpOn", "f0"."Data", "f0"."FileName", "f0"."FileType", "f0"."GameId", "f0"."Md5"
FROM "Games" AS "g"
LEFT JOIN (
    SELECT "f"."Id", "f"."Arguments", "f"."BackedUpOn", "f"."Data", "f"."FileName", "f"."FileType", "f"."GameId", "f"."Md5"
    FROM "FileBackups" AS "f"
    WHERE "f"."FileType" IN (@targetFileTypes1, @targetFileTypes2, @targetFileTypes3)
) AS "f0" ON "g"."Id" = "f0"."GameId"
WHERE "g"."IsInstalled"
ORDER BY "g"."Id"
2026-03-01 10:30:35.200 +01:00 [INF] Header processor initialized
2026-03-01 10:30:35.200 +01:00 [INF] Savegame header processor worker started
2026-03-01 10:30:37.586 +01:00 [INF] Executed DbCommand (0ms) [Parameters=[], CommandType='"Text"', CommandTimeout='30']
SELECT "p"."Id", "p"."EndDate", "p"."GameId", "p"."StartDate", "g"."Id", "g"."Author", "g"."AuthorFullName", "g"."Description", "g"."Difficulty", "g"."GameEngine", "g"."Guid", "g"."InstallDate", "g"."InstallDirectory", "g"."IsCompleted", "g"."IsFavourite", "g"."IsInstalled", "g"."Length", "g"."ReleaseDate", "g"."Setting", "g"."Title", "g"."TitlePic"
FROM "PlaySession" AS "p"
INNER JOIN "Games" AS "g" ON "p"."GameId" = "g"."Id"
2026-03-01 10:30:37.591 +01:00 [INF] Executed DbCommand (0ms) [Parameters=[], CommandType='"Text"', CommandTimeout='30']
SELECT "p"."Id", "p"."EndDate", "p"."GameId", "p"."StartDate", "g"."Id", "g"."Author", "g"."AuthorFullName", "g"."Description", "g"."Difficulty", "g"."GameEngine", "g"."Guid", "g"."InstallDate", "g"."InstallDirectory", "g"."IsCompleted", "g"."IsFavourite", "g"."IsInstalled", "g"."Length", "g"."ReleaseDate", "g"."Setting", "g"."Title", "g"."TitlePic"
FROM "PlaySession" AS "p"
INNER JOIN "Games" AS "g" ON "p"."GameId" = "g"."Id"
WHERE "p"."StartDate" = (
    SELECT MAX("p0"."StartDate")
    FROM "PlaySession" AS "p0")
LIMIT 1
2026-03-01 10:30:37.591 +01:00 [INF] Executed DbCommand (0ms) [Parameters=[], CommandType='"Text"', CommandTimeout='30']
SELECT "p"."Id", "p"."EndDate", "p"."GameId", "p"."StartDate", "g"."Id", "g"."Author", "g"."AuthorFullName", "g"."Description", "g"."Difficulty", "g"."GameEngine", "g"."Guid", "g"."InstallDate", "g"."InstallDirectory", "g"."IsCompleted", "g"."IsFavourite", "g"."IsInstalled", "g"."Length", "g"."ReleaseDate", "g"."Setting", "g"."Title", "g"."TitlePic"
FROM "PlaySession" AS "p"
INNER JOIN "Games" AS "g" ON "p"."GameId" = "g"."Id"
2026-03-01 10:30:37.592 +01:00 [INF] Executed DbCommand (0ms) [Parameters=[], CommandType='"Text"', CommandTimeout='30']
SELECT "p"."Id", "p"."EndDate", "p"."GameId", "p"."StartDate", "g"."Id", "g"."Author", "g"."AuthorFullName", "g"."Description", "g"."Difficulty", "g"."GameEngine", "g"."Guid", "g"."InstallDate", "g"."InstallDirectory", "g"."IsCompleted", "g"."IsFavourite", "g"."IsInstalled", "g"."Length", "g"."ReleaseDate", "g"."Setting", "g"."Title", "g"."TitlePic"
FROM "PlaySession" AS "p"
INNER JOIN "Games" AS "g" ON "p"."GameId" = "g"."Id"
2026-03-01 10:30:37.602 +01:00 [INF] Executed DbCommand (1ms) [Parameters=[@todayMinus30Days='?' (DbType = DateTime)], CommandType='"Text"', CommandTimeout='30']
SELECT "p"."Id", "p"."EndDate", "p"."GameId", "p"."StartDate", "g"."Id", "g"."Author", "g"."AuthorFullName", "g"."Description", "g"."Difficulty", "g"."GameEngine", "g"."Guid", "g"."InstallDate", "g"."InstallDirectory", "g"."IsCompleted", "g"."IsFavourite", "g"."IsInstalled", "g"."Length", "g"."ReleaseDate", "g"."Setting", "g"."Title", "g"."TitlePic"
FROM "PlaySession" AS "p"
INNER JOIN "Games" AS "g" ON "p"."GameId" = "g"."Id"
WHERE "p"."StartDate" > @todayMinus30Days
ORDER BY "p"."StartDate"
2026-03-01 10:30:37.607 +01:00 [INF] Executed DbCommand (0ms) [Parameters=[], CommandType='"Text"', CommandTimeout='30']
SELECT "g"."Id", "g"."Author", "g"."AuthorFullName", "g"."Description", "g"."Difficulty", "g"."GameEngine", "g"."Guid", "g"."InstallDate", "g"."InstallDirectory", "g"."IsCompleted", "g"."IsFavourite", "g"."IsInstalled", "g"."Length", "g"."ReleaseDate", "g"."Setting", "g"."Title", "g"."TitlePic"
FROM "Games" AS "g"
2026-03-01 10:30:45.063 +01:00 [INF] Application is shutting down
